        -:    0:Source:excecoes/ExcecaoBusca.cpp
        -:    0:Programs:7
        -:    1:#include "../../include/excecoes/ExcecaoBusca.hpp"
        -:    2:
        1:    3:const char* ExcecaoLivrosNaoListados::what() const throw()
        -:    4:{
        1:    5:    return "Nao ha livros catalogados na biblioteca ou houve um erro na inclusao dos livros a partir do arquivo\nPor favor contactar o suporte";
        -:    6:}
        -:    7:
    #####:    8:const char* ExcecaoAberturaDeArquivoLivros::what() const throw()
        -:    9:{
    #####:   10:    return "Houve um problema com a abertura da listagem de livros\nPor favor contactar o suporte";
        -:   11:}
        -:   12:
    #####:   13:const char* ExcecaoFechamentoDeArquivoLivros::what() const throw()
        -:   14:{
    #####:   15:    return "Houve um problema com o fechamento da listagem de livros\nPor favor contactar o suporte";
        -:   16:}
        -:   17:
    #####:   18:const char* ExcecaoLeituraDeArquivoLivros::what() const throw()
        -:   19:{
    #####:   20:    return "Houve um problema com a leitura da listagem de livros\nPor favor contactar o suporte";
        -:   21:}
