        -:    0:Source:excecoes/ExcecaoArquivos.cpp
        -:    0:Programs:7
        -:    1:#include "../../include/excecoes/ExcecaoArquivos.hpp"
        -:    2:
        2:    3:const char* ExcecaoAberturaDeArquivo::what() const throw()
        -:    4:{
        2:    5:    return "\n\nHouve um problema com a abertura do seu registro\nPor favor contactar o suporte";
        -:    6:}
        -:    7:
    #####:    8:const char* ExcecaoFechamentoDeArquivo::what() const throw()
        -:    9:{
    #####:   10:    return "\n\nHouve um problema com o acesso do seu registro\nPor favor contactar o suporte";
        -:   11:}
        -:   12:
        2:   13:const char* ExcecaoEntradaDeArquivo::what() const throw()
        -:   14:{
        2:   15:    return "\n\nHouve um problema com o conteudo do seu registro\nPor favor contactar o suporte";
        -:   16:}
